
D:\PhD\Workspace\Git_phd\phd\research\embedded_security\attest_app\build\Debug>call "D:\PhD\Workspace\Git_phd\phd\research\embedded_security\attest_app\ROT_Provisioning\SM\Helper\../../env.bat" 
run config Appli with Windows executable
MyTest
"D:\PhD\Workspace\Git_phd\phd\research\embedded_security\attest_app\ROT_Provisioning\SM\Helper\..\Images/SM_Code_Image.xml"
Fri Aug  9 00:44:17 2024 : [INF] ############## Executing linker command ##############
Fri Aug  9 00:44:17 2024 : [INF] AppliCfg.exe linker -xml Config/SM_Config_General.xml -nxml NS appli size -n CODE_SIZE ..//STM32H573IIKXQ_FLASH.ld --vb
Fri Aug  9 00:44:17 2024 : [INF] open file (..//STM32H573IIKXQ_FLASH.ld)
Fri Aug  9 00:44:17 2024 : [INF] Opening the 'Config/SM_Config_General.xml' file
Fri Aug  9 00:44:17 2024 : [INF] Parameter found. Extracting information from '<Value>0x49</Value>'
Fri Aug  9 00:44:17 2024 : [INF] The content recovered is '0x49'
Fri Aug  9 00:44:17 2024 : [INF] Value to be used 0x49
Fri Aug  9 00:44:17 2024 : [INF] File to update '..//STM32H573IIKXQ_FLASH.ld'
Fri Aug  9 00:44:17 2024 : [INF] Linker variable "CODE_SIZE"  is updated with value "0x49"
Fri Aug  9 00:44:17 2024 : [INF] The modification is not necessary
Fri Aug  9 00:44:17 2024 : [INF] The variable has already the correct value (0x49)
Fri Aug  9 00:44:17 2024 : [INF] Saving file modification
Fri Aug  9 00:44:17 2024 : [INF] ############## Executing linker command ##############
Fri Aug  9 00:44:17 2024 : [INF] AppliCfg.exe linker -xml Config/SM_Config_General.xml -nxml NS appli primary offset -n CODE_OFFSET ..//STM32H573IIKXQ_FLASH.ld --vb
Fri Aug  9 00:44:17 2024 : [INF] open file (..//STM32H573IIKXQ_FLASH.ld)
Fri Aug  9 00:44:17 2024 : [INF] Opening the 'Config/SM_Config_General.xml' file
Fri Aug  9 00:44:17 2024 : [INF] Parameter found. Extracting information from '<Value>0x37</Value>'
Fri Aug  9 00:44:17 2024 : [INF] The content recovered is '0x37'
Fri Aug  9 00:44:17 2024 : [INF] Value to be used 0x37
Fri Aug  9 00:44:17 2024 : [INF] File to update '..//STM32H573IIKXQ_FLASH.ld'
Fri Aug  9 00:44:17 2024 : [INF] Linker variable "CODE_OFFSET"  is updated with value "0x37"
Fri Aug  9 00:44:17 2024 : [INF] The modification is not necessary
Fri Aug  9 00:44:17 2024 : [INF] The variable has already the correct value (0x37)
Fri Aug  9 00:44:17 2024 : [INF] Saving file modification
Fri Aug  9 00:44:17 2024 : [INF] ############## Executing linker command ##############
Fri Aug  9 00:44:17 2024 : [INF] AppliCfg.exe linker -xml Config/SM_Config_General.xml -nxml SRAM Secure/NonSecure interface area size -n RAM_S_NS_IF_SIZE ..//STM32H573IIKXQ_FLASH.ld --vb
Fri Aug  9 00:44:17 2024 : [INF] open file (..//STM32H573IIKXQ_FLASH.ld)
Fri Aug  9 00:44:17 2024 : [INF] Opening the 'Config/SM_Config_General.xml' file
Fri Aug  9 00:44:17 2024 : [INF] Parameter found. Extracting information from '<Value>0x10</Value>'
Fri Aug  9 00:44:17 2024 : [INF] The content recovered is '0x10'
Fri Aug  9 00:44:17 2024 : [INF] Value to be used 0x10
Fri Aug  9 00:44:17 2024 : [INF] File to update '..//STM32H573IIKXQ_FLASH.ld'
Fri Aug  9 00:44:17 2024 : [INF] Linker variable "RAM_S_NS_IF_SIZE"  is updated with value "0x10"
Fri Aug  9 00:44:17 2024 : [INF] The modification is not necessary
Fri Aug  9 00:44:17 2024 : [INF] The variable has already the correct value (0x10)
Fri Aug  9 00:44:17 2024 : [INF] Saving file modification
Fri Aug  9 00:44:18 2024 : [INF] ############## Executing linker command ##############
Fri Aug  9 00:44:18 2024 : [INF] AppliCfg.exe linker -xml Config/SM_Config_General.xml -nxml Secure SRAM End address -n RAM_S_END -e val1-0x10000000 ..//STM32H573IIKXQ_FLASH.ld --vb
Fri Aug  9 00:44:18 2024 : [INF] open file (..//STM32H573IIKXQ_FLASH.ld)
Fri Aug  9 00:44:18 2024 : [INF] Opening the 'Config/SM_Config_General.xml' file
Fri Aug  9 00:44:18 2024 : [INF] Parameter found. Extracting information from '<Value>0x30068fff</Value>'
Fri Aug  9 00:44:18 2024 : [INF] The content recovered is '0x30068fff'
Fri Aug  9 00:44:18 2024 : [INF] Expression to be computed 'val1-0x10000000' 
Fri Aug  9 00:44:18 2024 : [INF] Expression patterns were replaced to '805736447-0x10000000' 
Fri Aug  9 00:44:18 2024 : [INF] Value to be used 0x20068fff
Fri Aug  9 00:44:18 2024 : [INF] File to update '..//STM32H573IIKXQ_FLASH.ld'
Fri Aug  9 00:44:18 2024 : [INF] Linker variable "RAM_S_END"  is updated with value "0x20068fff"
Fri Aug  9 00:44:18 2024 : [INF] The modification is not necessary
Fri Aug  9 00:44:18 2024 : [INF] The variable has already the correct value (0x20068fff)
Fri Aug  9 00:44:18 2024 : [INF] Saving file modification
Fri Aug  9 00:44:18 2024 : [INF] ############## Executing linker command ##############
Fri Aug  9 00:44:18 2024 : [INF] AppliCfg.exe linker -xml Config/SM_Config_General.xml -nxml NS reserved area offset -n RESERVED_AREA_OFFSET ..//STM32H573IIKXQ_FLASH.ld --vb
Fri Aug  9 00:44:18 2024 : [INF] open file (..//STM32H573IIKXQ_FLASH.ld)
Fri Aug  9 00:44:18 2024 : [INF] Opening the 'Config/SM_Config_General.xml' file
Fri Aug  9 00:44:18 2024 : [INF] Parameter found. Extracting information from '<Value>0x80</Value>'
Fri Aug  9 00:44:18 2024 : [INF] The content recovered is '0x80'
Fri Aug  9 00:44:18 2024 : [INF] Value to be used 0x80
Fri Aug  9 00:44:18 2024 : [INF] File to update '..//STM32H573IIKXQ_FLASH.ld'
Fri Aug  9 00:44:18 2024 : [INF] Linker variable "RESERVED_AREA_OFFSET"  is updated with value "0x80"
Fri Aug  9 00:44:18 2024 : [INF] The modification is not necessary
Fri Aug  9 00:44:18 2024 : [INF] The variable has already the correct value (0x80)
Fri Aug  9 00:44:18 2024 : [INF] Saving file modification
Fri Aug  9 00:44:19 2024 : [INF] ############## Executing linker command ##############
Fri Aug  9 00:44:19 2024 : [INF] AppliCfg.exe linker -xml Config/SM_Config_General.xml -nxml NS reserved area size -n RESERVED_AREA_SIZE ..//STM32H573IIKXQ_FLASH.ld --vb
Fri Aug  9 00:44:19 2024 : [INF] open file (..//STM32H573IIKXQ_FLASH.ld)
Fri Aug  9 00:44:19 2024 : [INF] Opening the 'Config/SM_Config_General.xml' file
Fri Aug  9 00:44:19 2024 : [INF] Parameter found. Extracting information from '<Value>0x00</Value>'
Fri Aug  9 00:44:19 2024 : [INF] The content recovered is '0x00'
Fri Aug  9 00:44:19 2024 : [INF] Value to be used 0x0
Fri Aug  9 00:44:19 2024 : [INF] File to update '..//STM32H573IIKXQ_FLASH.ld'
Fri Aug  9 00:44:19 2024 : [INF] Linker variable "RESERVED_AREA_SIZE"  is updated with value "0x0"
Fri Aug  9 00:44:19 2024 : [INF] The modification is not necessary
Fri Aug  9 00:44:19 2024 : [INF] The variable has already the correct value (0x0)
Fri Aug  9 00:44:19 2024 : [INF] Saving file modification
"D:\PhD\Workspace\Git_phd\phd\research\embedded_security\attest_app\ROT_Provisioning\SM\Helper\..\Images/SM_Code_Image.xml" "D:\PhD\Workspace\Git_phd\phd\research\embedded_security\attest_app\scripts\../Images\SM_Code_Image.xml"
MyTest2
"D:\PhD\Workspace\Git_phd\phd\research\embedded_security\attest_app\scripts\../Images\SM_Code_Image.xml"
Fri Aug  9 00:44:19 2024 : [INF] ############## Executing xmlval command ##############
Fri Aug  9 00:44:19 2024 : [INF] AppliCfg.exe xmlval -xml Config/SM_Config_General.xml -nxml NS appli size -n Firmware area Size -e val1*0x2000 SM_Code_Image.xml --vb
Fri Aug  9 00:44:19 2024 : [INF] Opening the 'Config/SM_Config_General.xml' file
Fri Aug  9 00:44:19 2024 : [INF] Search xml_name
Fri Aug  9 00:44:19 2024 : [INF] Searching the parameter with <Name>NS appli size</Name>
Fri Aug  9 00:44:19 2024 : [INF] Parameter found. Extracting information from '<Value>0x49</Value>'
Fri Aug  9 00:44:19 2024 : [INF] The content recovered is '0x49'
Fri Aug  9 00:44:19 2024 : [INF] Expression to be computed 'val1*0x2000' 
Fri Aug  9 00:44:19 2024 : [INF] Expression patterns were replaced to '73*0x2000' 
Fri Aug  9 00:44:19 2024 : [INF] Value to be used 0x92000
Fri Aug  9 00:44:19 2024 : [INF] Opening the 'SM_Code_Image.xml' file
Fri Aug  9 00:44:19 2024 : [INF] Searching the parameter with <Name>Firmware area Size</Name> element
Fri Aug  9 00:44:19 2024 : [INF] Parameter found. Verifying information of '<Value>0x92000</Value>'
Fri Aug  9 00:44:19 2024 : [INF] The modification is not necessary
Fri Aug  9 00:44:19 2024 : [INF] The tag <Value> has already the correct content (0x92000)
Fri Aug  9 00:44:19 2024 : [INF] ############## Executing xmlval command ##############
Fri Aug  9 00:44:19 2024 : [INF] AppliCfg.exe xmlval -xml Config/SM_Config_General.xml -nxml NS appli primary offset -n Rom fixed -e (val1*0x2000)+0x8000000 SM_Code_Image.xml --vb
Fri Aug  9 00:44:19 2024 : [INF] Opening the 'Config/SM_Config_General.xml' file
Fri Aug  9 00:44:19 2024 : [INF] Search xml_name
Fri Aug  9 00:44:19 2024 : [INF] Searching the parameter with <Name>NS appli primary offset</Name>
Fri Aug  9 00:44:19 2024 : [INF] Parameter found. Extracting information from '<Value>0x37</Value>'
Fri Aug  9 00:44:19 2024 : [INF] The content recovered is '0x37'
Fri Aug  9 00:44:19 2024 : [INF] Expression to be computed '(val1*0x2000)+0x8000000' 
Fri Aug  9 00:44:19 2024 : [INF] Expression patterns were replaced to '(55*0x2000)+0x8000000' 
Fri Aug  9 00:44:19 2024 : [INF] Value to be used 0x806E000
Fri Aug  9 00:44:19 2024 : [INF] Opening the 'SM_Code_Image.xml' file
Fri Aug  9 00:44:19 2024 : [INF] Searching the parameter with <Name>Rom fixed</Name> element
Fri Aug  9 00:44:19 2024 : [INF] Parameter found. Verifying information of '<Value>0x806E000</Value>'
Fri Aug  9 00:44:19 2024 : [INF] The modification is not necessary
Fri Aug  9 00:44:19 2024 : [INF] The tag <Value> has already the correct content (0x806E000)
Fri Aug  9 00:44:20 2024 : [INF] ############## Executing xmlval command ##############
Fri Aug  9 00:44:20 2024 : [INF] AppliCfg.exe xmlval -xml Config/SM_Config_General.xml -nxml NS appli secondary offset -n Firmware download area offset -e (val1*0x2000)+0x8000000 SM_Code_Image.xml --vb
Fri Aug  9 00:44:20 2024 : [INF] Opening the 'Config/SM_Config_General.xml' file
Fri Aug  9 00:44:20 2024 : [INF] Search xml_name
Fri Aug  9 00:44:20 2024 : [INF] Searching the parameter with <Name>NS appli secondary offset</Name>
Fri Aug  9 00:44:20 2024 : [INF] Parameter found. Extracting information from '<Value>0x80</Value>'
Fri Aug  9 00:44:20 2024 : [INF] The content recovered is '0x80'
Fri Aug  9 00:44:20 2024 : [INF] Expression to be computed '(val1*0x2000)+0x8000000' 
Fri Aug  9 00:44:20 2024 : [INF] Expression patterns were replaced to '(128*0x2000)+0x8000000' 
Fri Aug  9 00:44:20 2024 : [INF] Value to be used 0x8100000
Fri Aug  9 00:44:20 2024 : [INF] Opening the 'SM_Code_Image.xml' file
Fri Aug  9 00:44:20 2024 : [INF] Searching the parameter with <Name>Firmware download area offset</Name> element
Fri Aug  9 00:44:20 2024 : [INF] Parameter found. Verifying information of '<Value>0x8100000</Value>'
Fri Aug  9 00:44:20 2024 : [INF] The modification is not necessary
Fri Aug  9 00:44:20 2024 : [INF] The tag <Value> has already the correct content (0x8100000)
Fri Aug  9 00:44:20 2024 : [INF] ############## Executing xmlval command ##############
Fri Aug  9 00:44:20 2024 : [INF] AppliCfg.exe xmlval -xml Config/SM_Config_General.xml -nxml NS appli size -n Firmware area Size -e val1*0x2000 SM_Code_Image_bin.xml --vb
Fri Aug  9 00:44:20 2024 : [INF] Opening the 'Config/SM_Config_General.xml' file
Fri Aug  9 00:44:20 2024 : [INF] Search xml_name
Fri Aug  9 00:44:20 2024 : [INF] Searching the parameter with <Name>NS appli size</Name>
Fri Aug  9 00:44:20 2024 : [INF] Parameter found. Extracting information from '<Value>0x49</Value>'
Fri Aug  9 00:44:20 2024 : [INF] The content recovered is '0x49'
Fri Aug  9 00:44:20 2024 : [INF] Expression to be computed 'val1*0x2000' 
Fri Aug  9 00:44:20 2024 : [INF] Expression patterns were replaced to '73*0x2000' 
Fri Aug  9 00:44:20 2024 : [INF] Value to be used 0x92000
Fri Aug  9 00:44:20 2024 : [INF] Opening the 'SM_Code_Image_bin.xml' file
Fri Aug  9 00:44:20 2024 : [INF] Searching the parameter with <Name>Firmware area Size</Name> element
Fri Aug  9 00:44:20 2024 : [INF] Parameter found. Verifying information of '<Value>0x92000</Value>'
Fri Aug  9 00:44:20 2024 : [INF] The modification is not necessary
Fri Aug  9 00:44:20 2024 : [INF] The tag <Value> has already the correct content (0x92000)
Fri Aug  9 00:44:20 2024 : [INF] ############## Executing xmlval command ##############
Fri Aug  9 00:44:20 2024 : [INF] AppliCfg.exe xmlval -xml Config/SM_Config_General.xml -nxml NS appli primary offset -n Rom fixed -e (val1*0x2000)+0x8000000 SM_Code_Image_bin.xml --vb
Fri Aug  9 00:44:20 2024 : [INF] Opening the 'Config/SM_Config_General.xml' file
Fri Aug  9 00:44:20 2024 : [INF] Search xml_name
Fri Aug  9 00:44:20 2024 : [INF] Searching the parameter with <Name>NS appli primary offset</Name>
Fri Aug  9 00:44:20 2024 : [INF] Parameter found. Extracting information from '<Value>0x37</Value>'
Fri Aug  9 00:44:20 2024 : [INF] The content recovered is '0x37'
Fri Aug  9 00:44:20 2024 : [INF] Expression to be computed '(val1*0x2000)+0x8000000' 
Fri Aug  9 00:44:20 2024 : [INF] Expression patterns were replaced to '(55*0x2000)+0x8000000' 
Fri Aug  9 00:44:20 2024 : [INF] Value to be used 0x806E000
Fri Aug  9 00:44:20 2024 : [INF] Opening the 'SM_Code_Image_bin.xml' file
Fri Aug  9 00:44:20 2024 : [INF] Searching the parameter with <Name>Rom fixed</Name> element
Fri Aug  9 00:44:20 2024 : [INF] Parameter found. Verifying information of '<Value>0x806E000</Value>'
Fri Aug  9 00:44:20 2024 : [INF] The modification is not necessary
Fri Aug  9 00:44:20 2024 : [INF] The tag <Value> has already the correct content (0x806E000)
       Successful application update according to flash layout
